<?xml version="1.0" encoding="utf-8"?><testsuites name="pytest tests"><testsuite name="pytest" errors="0" failures="0" skipped="0" tests="21" time="4.254" timestamp="2026-05-14T00:44:02.320606+00:00" hostname="agent-env-305883ab-8f80-4a7c-9cea-d8d7a68e9b87"><testcase classname="backend.tests.test_neurovue.TestApiSmoke" name="test_api_root_hello_world" time="0.280" /><testcase classname="backend.tests.test_neurovue.TestAtlasStatic" name="test_atlas_volume_served[mni152.nii.gz-1000000]" time="0.484" /><testcase classname="backend.tests.test_neurovue.TestAtlasStatic" name="test_atlas_volume_served[wang2015_prob.nii.gz-50000]" time="0.175" /><testcase classname="backend.tests.test_neurovue.TestAtlasStatic" name="test_atlas_volume_served[wang2015_maxprob.nii.gz-20000]" time="0.165" /><testcase classname="backend.tests.test_neurovue.TestAtlasStatic" name="test_atlas_volume_served[benson14_polar_angle.nii.gz-50000]" time="0.354" /><testcase classname="backend.tests.test_neurovue.TestAtlasStatic" name="test_atlas_volume_served[benson14_eccentricity.nii.gz-50000]" time="0.323" /><testcase classname="backend.tests.test_neurovue.TestAtlasStatic" name="test_atlas_volume_served[benson14_visual_areas.nii.gz-20000]" time="0.211" /><testcase classname="backend.tests.test_neurovue.TestAtlasStatic" name="test_atlas_volume_served[visual_areas_v1v5.nii.gz-20000]" time="0.195" /><testcase classname="backend.tests.test_neurovue.TestAtlasStatic" name="test_atlas_volume_served[aal_atlas.nii.gz-20000]" time="0.149" /><testcase classname="backend.tests.test_neurovue.TestAtlasStatic" name="test_atlas_volume_served[harvard_oxford_cort.nii.gz-20000]" time="0.161" /><testcase classname="backend.tests.test_neurovue.TestAtlasStatic" name="test_atlas_volume_served[harvard_oxford_sub.nii.gz-10000]" time="0.221" /><testcase classname="backend.tests.test_neurovue.TestAtlasStatic" name="test_atlas_volume_served[juelich_atlas.nii.gz-10000]" time="0.179" /><testcase classname="backend.tests.test_neurovue.TestAtlasStatic" name="test_atlas_volume_served[destrieux.nii.gz-20000]" time="0.138" /><testcase classname="backend.tests.test_neurovue.TestAtlasStatic" name="test_atlas_labels_json[aal_labels.json]" time="0.137" /><testcase classname="backend.tests.test_neurovue.TestAtlasStatic" name="test_atlas_labels_json[harvard_oxford_cort_labels.json]" time="0.223" /><testcase classname="backend.tests.test_neurovue.TestAtlasStatic" name="test_atlas_labels_json[harvard_oxford_sub_labels.json]" time="0.151" /><testcase classname="backend.tests.test_neurovue.TestAtlasStatic" name="test_atlas_labels_json[juelich_labels.json]" time="0.112" /><testcase classname="backend.tests.test_neurovue.TestAtlasStatic" name="test_atlas_labels_json[destrieux_labels.json]" time="0.117" /><testcase classname="backend.tests.test_neurovue.TestAtlasStatic" name="test_old_wang_file_removed" time="0.112" /><testcase classname="backend.tests.test_neurovue.TestAtlasStatic" name="test_destrieux_labels_count" time="0.105" /><testcase classname="backend.tests.test_neurovue.TestAtlasStatic" name="test_visual_areas_v1v5_labels_range" time="0.190" /></testsuite></testsuites>